<?xml version="1.0" encoding="UTF-8"?>
<!-- Generated by org.testng.reporters.JUnitXMLReporter -->
<testsuite ignored="0" hostname="sandhu" failures="0" tests="2" name="Test-Runner1" time="52.02" errors="0" timestamp="2023-10-31T19:50:53 IST">
  <testcase classname="vtigerProduct.CreateContact1Test" name="createContact" time="20.607"/>
  <testcase classname="vtigerProduct.CreateContact1Test" name="demo" time="0.003"/>
</testsuite> <!-- Test-Runner1 -->
