<?xml version="1.0" encoding="UTF-8"?>
<!-- Generated by org.testng.reporters.JUnitReportReporter -->
<testsuite hostname="sandhu" failures="0" tests="1" name="vtigerProduct.CreaterContactWithOrgUsingBaseClassTest" time="56.158" errors="0" timestamp="2023-10-20T00:39:06 IST" skipped="0">
  <testcase classname="vtigerProduct.CreaterContactWithOrgUsingBaseClassTest" name="createContactWithOrgTest" time="56.158"/>
  <system-out/>
</testsuite> <!-- vtigerProduct.CreaterContactWithOrgUsingBaseClassTest -->
