<?xml version="1.0" encoding="UTF-8"?>
<!-- Generated by org.testng.reporters.JUnitReportReporter -->
<testsuite hostname="sandhu" failures="0" tests="1" name="vtigerOrganization.CreateOrganizationWithIndustry3Test" time="24.030" errors="0" timestamp="2023-10-20T00:42:21 IST" skipped="0">
  <testcase classname="vtigerOrganization.CreateOrganizationWithIndustry3Test" name="createOrgWithIndustry" time="24.030"/>
  <system-out/>
</testsuite> <!-- vtigerOrganization.CreateOrganizationWithIndustry3Test -->
