<?xml version="1.0" encoding="UTF-8"?>
<!-- Generated by org.testng.reporters.JUnitReportReporter -->
<testsuite hostname="sandhu" failures="0" tests="1" name="vtigerOrganization.CreateOrganizationWithIndustryAndType4Test" time="23.092" errors="0" timestamp="2023-10-20T00:44:32 IST" skipped="0">
  <testcase classname="vtigerOrganization.CreateOrganizationWithIndustryAndType4Test" name="createOrgWithIndustryAndType" time="23.092"/>
  <system-out/>
</testsuite> <!-- vtigerOrganization.CreateOrganizationWithIndustryAndType4Test -->
