<?xml version="1.0" encoding="UTF-8"?>
<!-- Generated by org.testng.reporters.JUnitReportReporter -->
<testsuite hostname="sandhu" failures="0" tests="3" name="practice.TestNgPractice" time="0.018" errors="0" timestamp="2023-10-19T23:51:11 IST" skipped="0">
  <testcase classname="practice.TestNgPractice" name="modifyCustomer" time="0.002"/>
  <system-out/>
  <testcase classname="practice.TestNgPractice" name="deleteCustomer" time="0.003"/>
  <system-out/>
  <testcase classname="practice.TestNgPractice" name="createCustomer" time="0.013"/>
  <system-out/>
</testsuite> <!-- practice.TestNgPractice -->
