<?xml version="1.0" encoding="UTF-8"?>
<!-- Generated by org.testng.reporters.JUnitReportReporter -->
<testsuite hostname="sandhu" failures="0" tests="2" name="vtigerProduct.CreateContact1Test" time="26.334" errors="0" timestamp="2023-10-20T00:36:25 IST" skipped="0">
  <testcase classname="vtigerProduct.CreateContact1Test" name="demo" time="7.073"/>
  <system-out/>
  <testcase classname="vtigerProduct.CreateContact1Test" name="createContact" time="19.261"/>
  <system-out>
    <![CDATA[Clicked on contacts link
clicked on create contact lookup img
contact created successfully
header captured
header validated]]>
  </system-out>
</testsuite> <!-- vtigerProduct.CreateContact1Test -->
