<?xml version="1.0" encoding="UTF-8"?>
<!-- Generated by org.testng.reporters.JUnitReportReporter -->
<testsuite hostname="sandhu" failures="0" tests="1" name="vtigerProduct.CreaterContactWithOrgUsingBaseClassTest" time="41.880" errors="0" timestamp="2023-10-31T19:51:28 IST" skipped="0">
  <testcase classname="vtigerProduct.CreaterContactWithOrgUsingBaseClassTest" name="createContactWithOrgTest" time="41.880"/>
  <system-out/>
</testsuite> <!-- vtigerProduct.CreaterContactWithOrgUsingBaseClassTest -->
