<?xml version="1.0" encoding="UTF-8"?>
<!-- Generated by org.testng.reporters.JUnitReportReporter -->
<testsuite hostname="sandhu" failures="0" tests="1" name="vtigerOrganization.CreateOrganization2Test" time="33.452" errors="0" timestamp="2023-10-20T00:40:58 IST" skipped="0">
  <testcase classname="vtigerOrganization.CreateOrganization2Test" name="createOrganizationTest" time="33.452"/>
  <system-out/>
</testsuite> <!-- vtigerOrganization.CreateOrganization2Test -->
